<?xml version="1.0" encoding="utf-8"?>
<ntv:docseq xmlns:ntv="http://www.nextrieve.com/1.0">
<document>
<attributes>
<mailbox>t/joep.mbox</mailbox>
<offset>0</offset>
<length>57</length>
<subject>before subject</subject>
</attributes>
<text>
<subject>before subject</subject>
before message
</text>
</document>
<document>
<attributes>
<mailbox>t/joep.mbox</mailbox>
<offset>57</offset>
<length>1070</length>
<from>Joep</from>
<subject>the zubject</subject>
</attributes>
<text>
<subject>the zubject</subject>
...and this is what the page should look like after a 
search.

cheers Joep
</text>
</document>
<document>
<attributes>
<mailbox>t/joep.mbox</mailbox>
<offset>1127</offset>
<length>54</length>
<subject>after subject</subject>
</attributes>
<text>
<subject>after subject</subject>
after message
</text>
</document>
</ntv:docseq>
