<?xml version="1.0" encoding="utf-8"?>
<ntv:docseq xmlns:ntv="http://www.nextrieve.com/1.0">
<document>
<attributes>
<filename>t/ucs4le.html</filename>
<title>–¢–µ—Å—Ç–æ–≤–∞—è —Å—Ç—Ä–∞–Ω–∏—Ü–</title>
</attributes>
<text>
<title>–¢–µ—Å—Ç–æ–≤–∞—è —Å—Ç—Ä–∞–Ω–∏—Ü–∞ —É—Å—Ç–∞–Ω–æ–≤–∫–∏ Apache</title>
–ï—Å–ª–∏ –í—ã —ç—Ç–æ –≤–∏–¥–∏—Ç–µ, —ç—Ç–æ –∑–Ω–∞—á–∏—Ç, —á—Ç–æ —É—Å—Ç–∞–Ω–æ–≤–∫–∞
–ü–û –≤–µ–±-—Å–µ—Ä–≤–µ—Ä–∞ Apache –Ω–∞ —ç—Ç–æ–π
—Å–∏—Å—Ç–µ–º–µ –∑–∞–≤–µ—Ä—à–∏–ª–∞—Å—å —É—Å–ø–µ—à–Ω–æ. –í—ã –º–æ–∂–µ—Ç–µ —Ç–µ–ø–µ—Ä—å –¥–æ–±–∞–≤–ª—è—Ç—å —Å–æ–¥–µ—Ä–∂–∏–º–æ–µ –≤ —ç—Ç—É
–¥–∏—Ä–µ–∫—Ç–æ—Ä–∏—é –∏ –∑–∞–º–µ–Ω–∏—Ç—å —ç—Ç—É —Å—Ç—Ä–∞–Ω–∏—Ü—É.
 
 
 
 
–í—ã –≤–∏–¥–∏—Ç–µ —ç—Ç–æ –≤–º–µ—Å—Ç–æ –æ–∂–∏–¥–∞–µ–º–æ–π —Å—Ç—Ä–∞–Ω–∏—Ü—ã?  
–≠—Ç–∞ —Å—Ç—Ä–∞–Ω–∏—Ü–∞ –Ω–∞—Ö–æ–¥–∏—Ç—Å—è –∑–¥–µ—Å—å –ø–æ—Ç–æ–º—É, —á—Ç–æ –∞–¥–º–∏–Ω–∏—Å—Ç—Ä–∞—Ç–æ—Ä —Å–∏—Å—Ç–µ–º—ã –∏–∑–º–µ–Ω–∏–ª
–∫–æ–Ω—Ñ–∏–≥—É—Ä–∞—Ü–∏—é —ç—Ç–æ–≥–æ –≤–µ–±-—Å–µ—Ä–≤–µ—Ä–∞. –ü–æ–∂–∞–ª—É–π—Å—Ç–∞, —Å–≤—è–∂–∏—Ç–µ—Å—å —Å –ª–∏—Ü–æ–º, –æ—Ç–≤–µ—Ç—Å–≤–µ–Ω–Ω—ã–º
–∑–∞ –ø–æ–¥–¥–µ—Ä–∂–∫—É —ç—Ç–æ–≥–æ —Å–µ—Ä–≤–µ—Ä–∞ –¥–ª—è –≤—ã—è—Å–Ω–µ–Ω–∏—è –≤–∞—à–∏—Ö –≤–æ–ø—Ä–æ—Å–æ–≤. Apache Software
Foundation, –∞–≤—Ç–æ—Ä –ü–û –≤–µ–±-—Å–µ—Ä–≤–µ—Ä–∞, –∫–æ—Ç–æ—Ä—ã–º –ø–æ–ª—å–∑—É–µ—Ç—Å—è –∞–¥–º–∏–Ω–∏—Å—Ç—Ä–∞—Ç–æ—Ä —ç—Ç–æ–π
—Å–∏—Å—Ç–µ–º—ã, –Ω–µ —Å–≤—è–∑–∞–Ω —Å –ø–æ–¥–¥–µ—Ä–∂–∫–æ–π —ç—Ç–æ–π —Å–∏—Å—Ç–µ–º—ã –∏ –Ω–µ –º–æ–∂–µ—Ç –ø–æ–º–æ—á—å&#160;–í–∞–º
—Ä–∞–∑—Ä–µ—à–∏—Ç—å –ø—Ä–æ–±–ª–µ–º—ã –∫–æ–Ω—Ñ–∏–≥—É—Ä–∞—Ü–∏–∏.
 
 
 –î–æ–∫—É–º–µ–Ω—Ç–∞—Ü–∏—è –ø–æ –≤–µ–±-—Å–µ—Ä–≤–µ—Ä—É Apache –ø—Ä–∏–ª–∞–≥–∞–µ—Ç—Å—è
–∫ –∫–æ–º–ø–ª–µ–∫—Ç—É –ü–û.
 –í—ã –º–æ–∂–µ—Ç–µ —Å–≤–æ–±–æ–¥–Ω–æ –∏—Å–ø–æ–ª—å–∑–æ–≤–∞—Ç—å –ø–∏–∫—Ç–æ–≥—Ä–∞–º–º—É, –Ω–∞—Ö–æ–¥—è—â—É—é—Å—è –Ω–∏–∂–µ, –Ω–∞ –≤–µ–±-—Å–µ—Ä–≤–µ—Ä–µ,
–∏—Å–ø–æ–ª—å–∑—É—é—â–∏–º –ü–û Apache. –°–ø–∞—Å–∏–±–æ –∑–∞ –∏—Å–ø–æ–ª—å–∑–æ–≤–∞–Ω–∏–µ Apache!
</text>
</document>
</ntv:docseq>
